2014-03-10 16:42:33,609 - Log4JLogChute initialized using file 'velocity.log'
2014-03-10 16:42:33,609 - Initializing Velocity, Calling init()...
2014-03-10 16:42:33,609 - Starting Apache Velocity v1.7 (compiled: 2010-11-19 12:14:37)
2014-03-10 16:42:33,609 - Default Properties File: org\apache\velocity\runtime\defaults\velocity.properties
2014-03-10 16:42:33,609 - Trying to use logger class org.apache.velocity.runtime.log.AvalonLogChute
2014-03-10 16:42:33,609 - Target log system for org.apache.velocity.runtime.log.AvalonLogChute is not available (java.lang.NoClassDefFoundError: org/apache/log/format/Formatter).  Falling back to next log system...
2014-03-10 16:42:33,609 - Trying to use logger class org.apache.velocity.runtime.log.Log4JLogChute
2014-03-10 16:42:33,609 - Using logger class org.apache.velocity.runtime.log.Log4JLogChute
2014-03-10 16:42:33,640 - ResourceLoader instantiated: org.apache.velocity.runtime.resource.loader.FileResourceLoader
2014-03-10 16:42:33,656 - Do unicode file recognition:  false
2014-03-10 16:42:33,656 - FileResourceLoader : adding path '.'
2014-03-10 16:42:34,312 - ResourceCache: initialized (class org.apache.velocity.runtime.resource.ResourceCacheImpl) with class java.util.Collections$SynchronizedMap cache map.
2014-03-10 16:42:34,312 - Loaded System Directive: org.apache.velocity.runtime.directive.Stop
2014-03-10 16:42:34,359 - Loaded System Directive: org.apache.velocity.runtime.directive.Define
2014-03-10 16:42:34,359 - Loaded System Directive: org.apache.velocity.runtime.directive.Break
2014-03-10 16:42:34,421 - Loaded System Directive: org.apache.velocity.runtime.directive.Evaluate
2014-03-10 16:42:34,453 - Loaded System Directive: org.apache.velocity.runtime.directive.Literal
2014-03-10 16:42:34,484 - Loaded System Directive: org.apache.velocity.runtime.directive.Macro
2014-03-10 16:42:34,500 - Loaded System Directive: org.apache.velocity.runtime.directive.Parse
2014-03-10 16:42:34,500 - Loaded System Directive: org.apache.velocity.runtime.directive.Include
2014-03-10 16:42:34,500 - Loaded System Directive: org.apache.velocity.runtime.directive.Foreach
2014-03-10 16:42:34,656 - Created '20' parsers.
2014-03-10 16:42:34,687 - Velocimacro : "velocimacro.library" is not set.  Trying default library: VM_global_library.vm
2014-03-10 16:42:34,687 - Velocimacro : Default library not found.
2014-03-10 16:42:34,687 - Velocimacro : allowInline = true : VMs can be defined inline in templates
2014-03-10 16:42:34,687 - Velocimacro : allowInlineToOverride = false : VMs defined inline may NOT replace previous VM definitions
2014-03-10 16:42:34,687 - Velocimacro : allowInlineLocal = false : VMs defined inline will be global in scope if allowed.
2014-03-10 16:42:34,687 - Velocimacro : autoload off : VM system will not automatically reload global library macros
2014-03-10 16:42:34,734 - ResourceManager : found news-template.vm with loader org.apache.velocity.runtime.resource.loader.FileResourceLoader
2014-03-10 16:42:56,421 - Log4JLogChute initialized using file 'velocity.log'
2014-03-10 16:42:56,421 - Initializing Velocity, Calling init()...
2014-03-10 16:42:56,421 - Starting Apache Velocity v1.7 (compiled: 2010-11-19 12:14:37)
2014-03-10 16:42:56,421 - Default Properties File: org\apache\velocity\runtime\defaults\velocity.properties
2014-03-10 16:42:56,421 - Trying to use logger class org.apache.velocity.runtime.log.AvalonLogChute
2014-03-10 16:42:56,421 - Target log system for org.apache.velocity.runtime.log.AvalonLogChute is not available (java.lang.NoClassDefFoundError: org/apache/log/format/Formatter).  Falling back to next log system...
2014-03-10 16:42:56,421 - Trying to use logger class org.apache.velocity.runtime.log.Log4JLogChute
2014-03-10 16:42:56,421 - Using logger class org.apache.velocity.runtime.log.Log4JLogChute
2014-03-10 16:42:56,437 - ResourceLoader instantiated: org.apache.velocity.runtime.resource.loader.FileResourceLoader
2014-03-10 16:42:56,437 - Do unicode file recognition:  false
2014-03-10 16:42:56,437 - FileResourceLoader : adding path '.'
2014-03-10 16:42:56,453 - ResourceCache: initialized (class org.apache.velocity.runtime.resource.ResourceCacheImpl) with class java.util.Collections$SynchronizedMap cache map.
2014-03-10 16:42:56,453 - Loaded System Directive: org.apache.velocity.runtime.directive.Stop
2014-03-10 16:42:56,468 - Loaded System Directive: org.apache.velocity.runtime.directive.Define
2014-03-10 16:42:56,468 - Loaded System Directive: org.apache.velocity.runtime.directive.Break
2014-03-10 16:42:56,468 - Loaded System Directive: org.apache.velocity.runtime.directive.Evaluate
2014-03-10 16:42:56,468 - Loaded System Directive: org.apache.velocity.runtime.directive.Literal
2014-03-10 16:42:56,468 - Loaded System Directive: org.apache.velocity.runtime.directive.Macro
2014-03-10 16:42:56,468 - Loaded System Directive: org.apache.velocity.runtime.directive.Parse
2014-03-10 16:42:56,468 - Loaded System Directive: org.apache.velocity.runtime.directive.Include
2014-03-10 16:42:56,468 - Loaded System Directive: org.apache.velocity.runtime.directive.Foreach
2014-03-10 16:42:56,546 - Created '20' parsers.
2014-03-10 16:42:56,546 - Velocimacro : "velocimacro.library" is not set.  Trying default library: VM_global_library.vm
2014-03-10 16:42:56,546 - Velocimacro : Default library not found.
2014-03-10 16:42:56,546 - Velocimacro : allowInline = true : VMs can be defined inline in templates
2014-03-10 16:42:56,546 - Velocimacro : allowInlineToOverride = false : VMs defined inline may NOT replace previous VM definitions
2014-03-10 16:42:56,546 - Velocimacro : allowInlineLocal = false : VMs defined inline will be global in scope if allowed.
2014-03-10 16:42:56,546 - Velocimacro : autoload off : VM system will not automatically reload global library macros
2014-03-10 16:42:56,578 - ResourceManager : found news-template.vm with loader org.apache.velocity.runtime.resource.loader.FileResourceLoader
2014-03-10 16:46:45,031 - Log4JLogChute initialized using file 'velocity.log'
2014-03-10 16:46:45,031 - Initializing Velocity, Calling init()...
2014-03-10 16:46:45,031 - Starting Apache Velocity v1.7 (compiled: 2010-11-19 12:14:37)
2014-03-10 16:46:45,031 - Default Properties File: org\apache\velocity\runtime\defaults\velocity.properties
2014-03-10 16:46:45,031 - Trying to use logger class org.apache.velocity.runtime.log.AvalonLogChute
2014-03-10 16:46:45,031 - Target log system for org.apache.velocity.runtime.log.AvalonLogChute is not available (java.lang.NoClassDefFoundError: org/apache/log/format/Formatter).  Falling back to next log system...
2014-03-10 16:46:45,031 - Trying to use logger class org.apache.velocity.runtime.log.Log4JLogChute
2014-03-10 16:46:45,031 - Using logger class org.apache.velocity.runtime.log.Log4JLogChute
2014-03-10 16:46:45,031 - ResourceLoader instantiated: org.apache.velocity.runtime.resource.loader.FileResourceLoader
2014-03-10 16:46:45,046 - Do unicode file recognition:  false
2014-03-10 16:46:45,046 - FileResourceLoader : adding path '.'
2014-03-10 16:46:45,062 - ResourceCache: initialized (class org.apache.velocity.runtime.resource.ResourceCacheImpl) with class java.util.Collections$SynchronizedMap cache map.
2014-03-10 16:46:45,062 - Loaded System Directive: org.apache.velocity.runtime.directive.Stop
2014-03-10 16:46:45,062 - Loaded System Directive: org.apache.velocity.runtime.directive.Define
2014-03-10 16:46:45,062 - Loaded System Directive: org.apache.velocity.runtime.directive.Break
2014-03-10 16:46:45,062 - Loaded System Directive: org.apache.velocity.runtime.directive.Evaluate
2014-03-10 16:46:45,062 - Loaded System Directive: org.apache.velocity.runtime.directive.Literal
2014-03-10 16:46:45,078 - Loaded System Directive: org.apache.velocity.runtime.directive.Macro
2014-03-10 16:46:45,078 - Loaded System Directive: org.apache.velocity.runtime.directive.Parse
2014-03-10 16:46:45,078 - Loaded System Directive: org.apache.velocity.runtime.directive.Include
2014-03-10 16:46:45,078 - Loaded System Directive: org.apache.velocity.runtime.directive.Foreach
2014-03-10 16:46:45,140 - Created '20' parsers.
2014-03-10 16:46:45,156 - Velocimacro : "velocimacro.library" is not set.  Trying default library: VM_global_library.vm
2014-03-10 16:46:45,156 - Velocimacro : Default library not found.
2014-03-10 16:46:45,156 - Velocimacro : allowInline = true : VMs can be defined inline in templates
2014-03-10 16:46:45,156 - Velocimacro : allowInlineToOverride = false : VMs defined inline may NOT replace previous VM definitions
2014-03-10 16:46:45,156 - Velocimacro : allowInlineLocal = false : VMs defined inline will be global in scope if allowed.
2014-03-10 16:46:45,156 - Velocimacro : autoload off : VM system will not automatically reload global library macros
2014-03-10 16:46:45,171 - ResourceManager : found news-template.vm with loader org.apache.velocity.runtime.resource.loader.FileResourceLoader
2014-03-10 16:47:11,750 - Log4JLogChute initialized using file 'velocity.log'
2014-03-10 16:47:11,750 - Initializing Velocity, Calling init()...
2014-03-10 16:47:11,750 - Starting Apache Velocity v1.7 (compiled: 2010-11-19 12:14:37)
2014-03-10 16:47:11,750 - Default Properties File: org\apache\velocity\runtime\defaults\velocity.properties
2014-03-10 16:47:11,750 - Trying to use logger class org.apache.velocity.runtime.log.AvalonLogChute
2014-03-10 16:47:11,750 - Target log system for org.apache.velocity.runtime.log.AvalonLogChute is not available (java.lang.NoClassDefFoundError: org/apache/log/format/Formatter).  Falling back to next log system...
2014-03-10 16:47:11,750 - Trying to use logger class org.apache.velocity.runtime.log.Log4JLogChute
2014-03-10 16:47:11,750 - Using logger class org.apache.velocity.runtime.log.Log4JLogChute
2014-03-10 16:47:11,750 - ResourceLoader instantiated: org.apache.velocity.runtime.resource.loader.FileResourceLoader
2014-03-10 16:47:11,750 - Do unicode file recognition:  false
2014-03-10 16:47:11,750 - FileResourceLoader : adding path '.'
2014-03-10 16:47:11,781 - ResourceCache: initialized (class org.apache.velocity.runtime.resource.ResourceCacheImpl) with class java.util.Collections$SynchronizedMap cache map.
2014-03-10 16:47:11,781 - Loaded System Directive: org.apache.velocity.runtime.directive.Stop
2014-03-10 16:47:11,781 - Loaded System Directive: org.apache.velocity.runtime.directive.Define
2014-03-10 16:47:11,781 - Loaded System Directive: org.apache.velocity.runtime.directive.Break
2014-03-10 16:47:11,781 - Loaded System Directive: org.apache.velocity.runtime.directive.Evaluate
2014-03-10 16:47:11,781 - Loaded System Directive: org.apache.velocity.runtime.directive.Literal
2014-03-10 16:47:11,796 - Loaded System Directive: org.apache.velocity.runtime.directive.Macro
2014-03-10 16:47:11,796 - Loaded System Directive: org.apache.velocity.runtime.directive.Parse
2014-03-10 16:47:11,796 - Loaded System Directive: org.apache.velocity.runtime.directive.Include
2014-03-10 16:47:11,796 - Loaded System Directive: org.apache.velocity.runtime.directive.Foreach
2014-03-10 16:47:11,859 - Created '20' parsers.
2014-03-10 16:47:11,875 - Velocimacro : "velocimacro.library" is not set.  Trying default library: VM_global_library.vm
2014-03-10 16:47:11,875 - Velocimacro : Default library not found.
2014-03-10 16:47:11,875 - Velocimacro : allowInline = true : VMs can be defined inline in templates
2014-03-10 16:47:11,875 - Velocimacro : allowInlineToOverride = false : VMs defined inline may NOT replace previous VM definitions
2014-03-10 16:47:11,875 - Velocimacro : allowInlineLocal = false : VMs defined inline will be global in scope if allowed.
2014-03-10 16:47:11,875 - Velocimacro : autoload off : VM system will not automatically reload global library macros
2014-03-10 16:47:11,890 - ResourceManager : found news-template.vm with loader org.apache.velocity.runtime.resource.loader.FileResourceLoader
2014-03-10 16:47:32,640 - Log4JLogChute initialized using file 'velocity.log'
2014-03-10 16:47:32,640 - Initializing Velocity, Calling init()...
2014-03-10 16:47:32,640 - Starting Apache Velocity v1.7 (compiled: 2010-11-19 12:14:37)
2014-03-10 16:47:32,640 - Default Properties File: org\apache\velocity\runtime\defaults\velocity.properties
2014-03-10 16:47:32,640 - Trying to use logger class org.apache.velocity.runtime.log.AvalonLogChute
2014-03-10 16:47:32,640 - Target log system for org.apache.velocity.runtime.log.AvalonLogChute is not available (java.lang.NoClassDefFoundError: org/apache/log/format/Formatter).  Falling back to next log system...
2014-03-10 16:47:32,640 - Trying to use logger class org.apache.velocity.runtime.log.Log4JLogChute
2014-03-10 16:47:32,640 - Using logger class org.apache.velocity.runtime.log.Log4JLogChute
2014-03-10 16:47:32,656 - ResourceLoader instantiated: org.apache.velocity.runtime.resource.loader.FileResourceLoader
2014-03-10 16:47:32,656 - Do unicode file recognition:  false
2014-03-10 16:47:32,656 - FileResourceLoader : adding path '.'
2014-03-10 16:47:32,671 - ResourceCache: initialized (class org.apache.velocity.runtime.resource.ResourceCacheImpl) with class java.util.Collections$SynchronizedMap cache map.
2014-03-10 16:47:32,687 - Loaded System Directive: org.apache.velocity.runtime.directive.Stop
2014-03-10 16:47:32,687 - Loaded System Directive: org.apache.velocity.runtime.directive.Define
2014-03-10 16:47:32,687 - Loaded System Directive: org.apache.velocity.runtime.directive.Break
2014-03-10 16:47:32,687 - Loaded System Directive: org.apache.velocity.runtime.directive.Evaluate
2014-03-10 16:47:32,687 - Loaded System Directive: org.apache.velocity.runtime.directive.Literal
2014-03-10 16:47:32,687 - Loaded System Directive: org.apache.velocity.runtime.directive.Macro
2014-03-10 16:47:32,687 - Loaded System Directive: org.apache.velocity.runtime.directive.Parse
2014-03-10 16:47:32,687 - Loaded System Directive: org.apache.velocity.runtime.directive.Include
2014-03-10 16:47:32,703 - Loaded System Directive: org.apache.velocity.runtime.directive.Foreach
2014-03-10 16:47:32,765 - Created '20' parsers.
2014-03-10 16:47:32,781 - Velocimacro : "velocimacro.library" is not set.  Trying default library: VM_global_library.vm
2014-03-10 16:47:32,781 - Velocimacro : Default library not found.
2014-03-10 16:47:32,781 - Velocimacro : allowInline = true : VMs can be defined inline in templates
2014-03-10 16:47:32,781 - Velocimacro : allowInlineToOverride = false : VMs defined inline may NOT replace previous VM definitions
2014-03-10 16:47:32,781 - Velocimacro : allowInlineLocal = false : VMs defined inline will be global in scope if allowed.
2014-03-10 16:47:32,781 - Velocimacro : autoload off : VM system will not automatically reload global library macros
2014-03-10 16:47:32,796 - ResourceManager : found news-template.vm with loader org.apache.velocity.runtime.resource.loader.FileResourceLoader
2014-03-10 16:47:44,906 - Log4JLogChute initialized using file 'velocity.log'
2014-03-10 16:47:44,906 - Initializing Velocity, Calling init()...
2014-03-10 16:47:44,906 - Starting Apache Velocity v1.7 (compiled: 2010-11-19 12:14:37)
2014-03-10 16:47:44,906 - Default Properties File: org\apache\velocity\runtime\defaults\velocity.properties
2014-03-10 16:47:44,906 - Trying to use logger class org.apache.velocity.runtime.log.AvalonLogChute
2014-03-10 16:47:44,906 - Target log system for org.apache.velocity.runtime.log.AvalonLogChute is not available (java.lang.NoClassDefFoundError: org/apache/log/format/Formatter).  Falling back to next log system...
2014-03-10 16:47:44,906 - Trying to use logger class org.apache.velocity.runtime.log.Log4JLogChute
2014-03-10 16:47:44,906 - Using logger class org.apache.velocity.runtime.log.Log4JLogChute
2014-03-10 16:47:44,921 - ResourceLoader instantiated: org.apache.velocity.runtime.resource.loader.FileResourceLoader
2014-03-10 16:47:44,921 - Do unicode file recognition:  false
2014-03-10 16:47:44,921 - FileResourceLoader : adding path '.'
2014-03-10 16:47:44,937 - ResourceCache: initialized (class org.apache.velocity.runtime.resource.ResourceCacheImpl) with class java.util.Collections$SynchronizedMap cache map.
2014-03-10 16:47:44,937 - Loaded System Directive: org.apache.velocity.runtime.directive.Stop
2014-03-10 16:47:44,953 - Loaded System Directive: org.apache.velocity.runtime.directive.Define
2014-03-10 16:47:44,953 - Loaded System Directive: org.apache.velocity.runtime.directive.Break
2014-03-10 16:47:44,953 - Loaded System Directive: org.apache.velocity.runtime.directive.Evaluate
2014-03-10 16:47:44,953 - Loaded System Directive: org.apache.velocity.runtime.directive.Literal
2014-03-10 16:47:44,953 - Loaded System Directive: org.apache.velocity.runtime.directive.Macro
2014-03-10 16:47:44,953 - Loaded System Directive: org.apache.velocity.runtime.directive.Parse
2014-03-10 16:47:44,953 - Loaded System Directive: org.apache.velocity.runtime.directive.Include
2014-03-10 16:47:44,953 - Loaded System Directive: org.apache.velocity.runtime.directive.Foreach
2014-03-10 16:47:45,031 - Created '20' parsers.
2014-03-10 16:47:45,046 - Velocimacro : "velocimacro.library" is not set.  Trying default library: VM_global_library.vm
2014-03-10 16:47:45,046 - Velocimacro : Default library not found.
2014-03-10 16:47:45,046 - Velocimacro : allowInline = true : VMs can be defined inline in templates
2014-03-10 16:47:45,046 - Velocimacro : allowInlineToOverride = false : VMs defined inline may NOT replace previous VM definitions
2014-03-10 16:47:45,046 - Velocimacro : allowInlineLocal = false : VMs defined inline will be global in scope if allowed.
2014-03-10 16:47:45,046 - Velocimacro : autoload off : VM system will not automatically reload global library macros
2014-03-10 16:47:45,062 - ResourceManager : found news-template.vm with loader org.apache.velocity.runtime.resource.loader.FileResourceLoader
2014-03-10 20:17:13,500 - ResourceManager : unable to find resource 'news.vm' in any resource loader.
